<?xml version="1.0" encoding="UTF-8"?>
<testng-results ignored="0" total="7" passed="7" failed="0" skipped="0">
  <reporter-output>
  </reporter-output>
  <suite started-at="2023-02-24T14:02:45 IST" name="All Test Suite" finished-at="2023-02-24T14:04:45 IST" duration-ms="120473">
    <groups>
      <group name="cucumber">
        <method signature="AbstractTestNGCucumberTests.runScenario(io.cucumber.testng.PickleWrapper,io.cucumber.testng.FeatureWrapper)[pri:0, instance:runners.TestRunner@3a93b025]" name="runScenario" class="io.cucumber.testng.AbstractTestNGCucumberTests"/>
      </group> <!-- cucumber -->
    </groups>
    <test started-at="2023-02-24T14:02:45 IST" name="C:/Users/niluk/Downloads/capg/cucumber_sample" finished-at="2023-02-24T14:04:45 IST" duration-ms="120473">
      <class name="runners.TestRunner">
        <test-method is-config="true" signature="setUpClass(org.testng.ITestContext)[pri:0, instance:runners.TestRunner@3a93b025]" started-at="2023-02-24T14:02:45 IST" name="setUpClass" finished-at="2023-02-24T14:02:45 IST" duration-ms="810" status="PASS">
          <params>
            <param index="0">
              <value>
                <![CDATA[org.testng.TestRunner@7f4d9395]]>
              </value>
            </param>
          </params>
          <reporter-output>
          </reporter-output>
        </test-method> <!-- setUpClass -->
        <test-method signature="runScenario(io.cucumber.testng.PickleWrapper,io.cucumber.testng.FeatureWrapper)[pri:0, instance:runners.TestRunner@3a93b025]" started-at="2023-02-24T14:02:45 IST" name="runScenario" description="Runs Cucumber Scenarios" data-provider="scenarios" finished-at="2023-02-24T14:04:42 IST" duration-ms="116507" status="PASS">
          <params>
            <param index="0">
              <value>
                <![CDATA[""]]>
              </value>
            </param>
            <param index="1">
              <value>
                <![CDATA["Search a product feature"]]>
              </value>
            </param>
          </params>
          <reporter-output>
          </reporter-output>
        </test-method> <!-- runScenario -->
        <test-method signature="runScenario(io.cucumber.testng.PickleWrapper,io.cucumber.testng.FeatureWrapper)[pri:0, instance:runners.TestRunner@3a93b025]" started-at="2023-02-24T14:02:45 IST" name="runScenario" description="Runs Cucumber Scenarios" data-provider="scenarios" finished-at="2023-02-24T14:04:32 IST" duration-ms="106321" status="PASS">
          <params>
            <param index="0">
              <value>
                <![CDATA["verify that the user can able to search a product"]]>
              </value>
            </param>
            <param index="1">
              <value>
                <![CDATA["Search a product feature"]]>
              </value>
            </param>
          </params>
          <reporter-output>
          </reporter-output>
        </test-method> <!-- runScenario -->
        <test-method signature="runScenario(io.cucumber.testng.PickleWrapper,io.cucumber.testng.FeatureWrapper)[pri:0, instance:runners.TestRunner@3a93b025]" started-at="2023-02-24T14:02:45 IST" name="runScenario" description="Runs Cucumber Scenarios" data-provider="scenarios" finished-at="2023-02-24T14:04:42 IST" duration-ms="116604" status="PASS">
          <params>
            <param index="0">
              <value>
                <![CDATA["verify that the user can sort the product by price low to high"]]>
              </value>
            </param>
            <param index="1">
              <value>
                <![CDATA["Search a product feature"]]>
              </value>
            </param>
          </params>
          <reporter-output>
          </reporter-output>
        </test-method> <!-- runScenario -->
        <test-method signature="runScenario(io.cucumber.testng.PickleWrapper,io.cucumber.testng.FeatureWrapper)[pri:0, instance:runners.TestRunner@3a93b025]" started-at="2023-02-24T14:02:45 IST" name="runScenario" description="Runs Cucumber Scenarios" data-provider="scenarios" finished-at="2023-02-24T14:04:42 IST" duration-ms="116672" status="PASS">
          <params>
            <param index="0">
              <value>
                <![CDATA["verify that user can able to open a product"]]>
              </value>
            </param>
            <param index="1">
              <value>
                <![CDATA["Search a product feature"]]>
              </value>
            </param>
          </params>
          <reporter-output>
          </reporter-output>
        </test-method> <!-- runScenario -->
        <test-method signature="runScenario(io.cucumber.testng.PickleWrapper,io.cucumber.testng.FeatureWrapper)[pri:0, instance:runners.TestRunner@3a93b025]" started-at="2023-02-24T14:02:45 IST" name="runScenario" description="Runs Cucumber Scenarios" data-provider="scenarios" finished-at="2023-02-24T14:04:32 IST" duration-ms="106462" status="PASS">
          <params>
            <param index="0">
              <value>
                <![CDATA[""]]>
              </value>
            </param>
            <param index="1">
              <value>
                <![CDATA["Search a product feature"]]>
              </value>
            </param>
          </params>
          <reporter-output>
          </reporter-output>
        </test-method> <!-- runScenario -->
        <test-method signature="runScenario(io.cucumber.testng.PickleWrapper,io.cucumber.testng.FeatureWrapper)[pri:0, instance:runners.TestRunner@3a93b025]" started-at="2023-02-24T14:02:45 IST" name="runScenario" description="Runs Cucumber Scenarios" data-provider="scenarios" finished-at="2023-02-24T14:04:32 IST" duration-ms="106498" status="PASS">
          <params>
            <param index="0">
              <value>
                <![CDATA["verify that the user can able to sort the product by price high to low"]]>
              </value>
            </param>
            <param index="1">
              <value>
                <![CDATA["Search a product feature"]]>
              </value>
            </param>
          </params>
          <reporter-output>
          </reporter-output>
        </test-method> <!-- runScenario -->
        <test-method signature="runScenario(io.cucumber.testng.PickleWrapper,io.cucumber.testng.FeatureWrapper)[pri:0, instance:runners.TestRunner@3a93b025]" started-at="2023-02-24T14:02:45 IST" name="runScenario" description="Runs Cucumber Scenarios" data-provider="scenarios" finished-at="2023-02-24T14:04:40 IST" duration-ms="114122" status="PASS">
          <params>
            <param index="0">
              <value>
                <![CDATA["verify that the user can search the product is not in database"]]>
              </value>
            </param>
            <param index="1">
              <value>
                <![CDATA["Search a product feature"]]>
              </value>
            </param>
          </params>
          <reporter-output>
          </reporter-output>
        </test-method> <!-- runScenario -->
        <test-method is-config="true" signature="tearDownClass()[pri:0, instance:runners.TestRunner@3a93b025]" started-at="2023-02-24T14:04:42 IST" name="tearDownClass" finished-at="2023-02-24T14:04:45 IST" duration-ms="2891" status="PASS">
          <reporter-output>
          </reporter-output>
        </test-method> <!-- tearDownClass -->
      </class> <!-- runners.TestRunner -->
    </test> <!-- C:/Users/niluk/Downloads/capg/cucumber_sample -->
  </suite> <!-- All Test Suite -->
</testng-results>
