<?xml version="1.0" encoding="UTF-8"?>
<testsuite xmlns:xsi="http://www.w3.org/2001/XMLSchema-instance" xsi:noNamespaceSchemaLocation="https://maven.apache.org/surefire/maven-surefire-plugin/xsd/surefire-test-report-3.0.xsd" version="3.0" name="TestSuite" time="67.14" tests="7" errors="0" skipped="0" failures="0">
  <properties>
[...]
</properties>
  <testcase name="runScenario[&quot;&quot;, &quot;Search a product feature&quot;](1)" classname="runners.TestRunner" time="59.265">
    <system-out><![CDATA[
Scenario: verify that the user can able to search a product # src/test/resources/features/product_search.feature:2

Scenario Outline:                           # src/test/resources/features/product_search.feature:37

Scenario: verify that the user can search the product is not in database # src/test/resources/features/product_search.feature:26

Scenario: verify that the user can sort the product by price low to high # src/test/resources/features/product_search.feature:7

Scenario: verify that user can able to open a product # src/test/resources/features/product_search.feature:13

Scenario Outline:                           # src/test/resources/features/product_search.feature:38

Scenario: verify that the user can able to sort the product by price high to low # src/test/resources/features/product_search.feature:20
1
1
1
1
1
1
1
2
2
3
3
2
3
2
3
2
2
3
3
2
3
4
4
5
5
4
5
  Given the user navigates to the home page # steps.StepDefinitions.the_user_navigates_to_the_home_page()
4
5
4
  Given the user navigates to the home page                                      # steps.StepDefinitions.the_user_navigates_to_the_home_page()
5
  Given the user navigates to the home page           # steps.StepDefinitions.the_user_navigates_to_the_home_page()
4
5
4
  Given the user navigates to the home page                 # steps.StepDefinitions.the_user_navigates_to_the_home_page()
5
  Given the user navigates to the home page                              # steps.StepDefinitions.the_user_navigates_to_the_home_page()
  Given the user navigates to the home page                              # steps.StepDefinitions.the_user_navigates_to_the_home_page()
  Given the user navigates to the home page # steps.StepDefinitions.the_user_navigates_to_the_home_page()
  When the user  write the product name                                  # steps.StepDefinitions.theUserEnterWriteTheProductName()
  Then the result should displayed                                       # steps.StepDefinitions.theResultShouldDisplayed()
  When the user enter the product name                      # steps.StepDefinitions.the_user_enter_the_product_name()
  When the user enter the product name                                           # steps.StepDefinitions.the_user_enter_the_product_name()
  When the user enters "bags"               # steps.StepDefinitions.theUserEnters(java.lang.String)
  When the user enter the product name                # steps.StepDefinitions.the_user_enter_the_product_name()
  When the user enters "jeans"              # steps.StepDefinitions.theUserEnters(java.lang.String)
  Then user display the message             # steps.StepDefinitions.userDisplayTheMessage()
  Then the product result should be displayed               # steps.StepDefinitions.the_product_result_should_be_displayed()
  When the user enter the product name                                   # steps.StepDefinitions.the_user_enter_the_product_name()
  Then user display the message             # steps.StepDefinitions.userDisplayTheMessage()
  And the user see the page                           # steps.StepDefinitions.theUserSeeThePage()
  Then the product open should be displayed           # steps.StepDefinitions.theProductOpenShouldBeDisplayed()
  And the user should see the page                                               # steps.StepDefinitions.theUserShouldSeeThePage()
  Then user should able to sort the product by price high to low                 # steps.StepDefinitions.userShouldAbleToSortTheProductByPriceHighToLow()
  And the user should display the page                                   # steps.StepDefinitions.theUserShouldDisplayThePage()
  Then user should able to sort the product by price                     # steps.StepDefinitions.userShouldAbleToSortTheProductByPrice()
]]></system-out>
    <system-err><![CDATA[SLF4J: No SLF4J providers were found.
SLF4J: Defaulting to no-operation (NOP) logger implementation
SLF4J: See https://www.slf4j.org/codes.html#noProviders for further details.
Starting ChromeDriver 110.0.5481.77 (65ed616c6e8ee3fe0ad64fe83796c020644d42af-refs/branch-heads/5481@{#839}) on port 9368
Only local connections are allowed.
Please see https://chromedriver.chromium.org/security-considerations for suggestions on keeping ChromeDriver safe.
Starting ChromeDriver 110.0.5481.77 (65ed616c6e8ee3fe0ad64fe83796c020644d42af-refs/branch-heads/5481@{#839}) on port 18157
Only local connections are allowed.
Please see https://chromedriver.chromium.org/security-considerations for suggestions on keeping ChromeDriver safe.
Starting ChromeDriver 110.0.5481.77 (65ed616c6e8ee3fe0ad64fe83796c020644d42af-refs/branch-heads/5481@{#839}) on port 49671
Only local connections are allowed.
Please see https://chromedriver.chromium.org/security-considerations for suggestions on keeping ChromeDriver safe.
ChromeDriver was started successfully.
ChromeDriver was started successfully.
ChromeDriver was started successfully.
Starting ChromeDriver 110.0.5481.77 (65ed616c6e8ee3fe0ad64fe83796c020644d42af-refs/branch-heads/5481@{#839}) on port 30407
Only local connections are allowed.
Please see https://chromedriver.chromium.org/security-considerations for suggestions on keeping ChromeDriver safe.
Starting ChromeDriver 110.0.5481.77 (65ed616c6e8ee3fe0ad64fe83796c020644d42af-refs/branch-heads/5481@{#839}) on port 51438
Only local connections are allowed.
Please see https://chromedriver.chromium.org/security-considerations for suggestions on keeping ChromeDriver safe.
ChromeDriver was started successfully.
Starting ChromeDriver 110.0.5481.77 (65ed616c6e8ee3fe0ad64fe83796c020644d42af-refs/branch-heads/5481@{#839}) on port 41460
Only local connections are allowed.
Please see https://chromedriver.chromium.org/security-considerations for suggestions on keeping ChromeDriver safe.
ChromeDriver was started successfully.
Starting ChromeDriver 110.0.5481.77 (65ed616c6e8ee3fe0ad64fe83796c020644d42af-refs/branch-heads/5481@{#839}) on port 5704
Only local connections are allowed.
Please see https://chromedriver.chromium.org/security-considerations for suggestions on keeping ChromeDriver safe.
ChromeDriver was started successfully.
ChromeDriver was started successfully.
[1677091874.084][WARNING]: virtual void DevToolsClientImpl::AddListener(DevToolsEventListener *) subscribing a listener to the already connected DevToolsClient. Connection notification will not arrive.
[1677091874.187][WARNING]: virtual void DevToolsClientImpl::AddListener(DevToolsEventListener *) subscribing a listener to the already connected DevToolsClient. Connection notification will not arrive.
Feb 23, 2023 12:21:14 AM org.openqa.selenium.remote.ProtocolHandshake createSession
INFO: Detected dialect: W3C
[1677091874.476][WARNING]: virtual void DevToolsClientImpl::AddListener(DevToolsEventListener *) subscribing a listener to the already connected DevToolsClient. Connection notification will not arrive.
[1677091874.551][WARNING]: virtual void DevToolsClientImpl::AddListener(DevToolsEventListener *) subscribing a listener to the already connected DevToolsClient. Connection notification will not arrive.
Feb 23, 2023 12:21:14 AM org.openqa.selenium.remote.ProtocolHandshake createSession
INFO: Detected dialect: W3C
[1677091874.570][WARNING]: virtual void DevToolsClientImpl::AddListener(DevToolsEventListener *) subscribing a listener to the already connected DevToolsClient. Connection notification will not arrive.
Feb 23, 2023 12:21:14 AM org.openqa.selenium.remote.ProtocolHandshake createSession
INFO: Detected dialect: W3C
[1677091875.052][WARNING]: virtual void DevToolsClientImpl::AddListener(DevToolsEventListener *) subscribing a listener to the already connected DevToolsClient. Connection notification will not arrive.
Feb 23, 2023 12:21:15 AM org.openqa.selenium.remote.ProtocolHandshake createSession
INFO: Detected dialect: W3C
Feb 23, 2023 12:21:15 AM org.openqa.selenium.remote.ProtocolHandshake createSession
INFO: Detected dialect: W3C
[1677091875.376][WARNING]: virtual void DevToolsClientImpl::AddListener(DevToolsEventListener *) subscribing a listener to the already connected DevToolsClient. Connection notification will not arrive.
Feb 23, 2023 12:21:15 AM org.openqa.selenium.remote.ProtocolHandshake createSession
INFO: Detected dialect: W3C
Feb 23, 2023 12:21:16 AM org.openqa.selenium.remote.ProtocolHandshake createSession
INFO: Detected dialect: W3C
ERROR StatusLogger Log4j2 could not find a logging implementation. Please add log4j-core to the classpath. Using SimpleLogger to log to the console...
]]></system-err>
  </testcase>
  <testcase name="runScenario[&quot;verify that the user can sort the product by price low to high&quot;, &quot;Search a product feature&quot;](2)" classname="runners.TestRunner" time="60.526"/>
  <testcase name="runScenario[&quot;verify that the user can search the product is not in database&quot;, &quot;Search a product feature&quot;](3)" classname="runners.TestRunner" time="61.486"/>
  <testcase name="runScenario[&quot;verify that the user can able to sort the product by price high to low&quot;, &quot;Search a product feature&quot;](4)" classname="runners.TestRunner" time="61.591"/>
  <testcase name="runScenario[&quot;&quot;, &quot;Search a product feature&quot;](5)" classname="runners.TestRunner" time="62.65"/>
  <testcase name="runScenario[&quot;verify that user can able to open a product&quot;, &quot;Search a product feature&quot;](6)" classname="runners.TestRunner" time="62.775"/>
  <testcase name="runScenario[&quot;verify that the user can able to search a product&quot;, &quot;Search a product feature&quot;](7)" classname="runners.TestRunner" time="62.857"/>
</testsuite>